<?xml version="1.0" encoding="UTF-8"?>
<!-- Generated by org.testng.reporters.JUnitXMLReporter -->
<testsuite hostname="LAPTOP-I5HJHNVQ" ignored="0" name="Test" tests="2" failures="1" timestamp="2021-12-16T16:21:59 IST" time="20.791" errors="0">
  <testcase name="testLogin" time="1.871" classname="com.intbanking.testcase.LoginTest"/>
  <testcase name="LoginDataValidation" time="1.267" classname="com.intbanking.testcase.Tc_02_LogInValidation">
    <failure type="org.testng.internal.reflect.MethodMatcherException" message="
[public void com.intbanking.testcase.Tc_02_LogInValidation.LoginDataValidation(java.lang.String,java.lang.String,java.lang.String) throws java.io.IOException] has no parameters defined but was found to be using a data provider (either explicitly specified or inherited from class level annotation).
Data provider mismatch
Method: LoginDataValidation([Parameter{index=0, type=java.lang.String, declaredAnnotations=[]}, Parameter{index=1, type=java.lang.String, declaredAnnotations=[]}, Parameter{index=2, type=java.lang.String, declaredAnnotations=[]}])
Arguments: [(java.lang.String) mngr372288,(java.lang.String) YbanUjy,(java.lang.String) Valid,(java.lang.String) Pass]">
      <![CDATA[org.testng.internal.reflect.MethodMatcherException: 
[public void com.intbanking.testcase.Tc_02_LogInValidation.LoginDataValidation(java.lang.String,java.lang.String,java.lang.String) throws java.io.IOException] has no parameters defined but was found to be using a data provider (either explicitly specified or inherited from class level annotation).
Data provider mismatch
Method: LoginDataValidation([Parameter{index=0, type=java.lang.String, declaredAnnotations=[]}, Parameter{index=1, type=java.lang.String, declaredAnnotations=[]}, Parameter{index=2, type=java.lang.String, declaredAnnotations=[]}])
Arguments: [(java.lang.String) mngr372288,(java.lang.String) YbanUjy,(java.lang.String) Valid,(java.lang.String) Pass]
at java.util.ArrayList.forEach(ArrayList.java:1259)
... Removed 25 stack frames]]>
    </failure>
  </testcase> <!-- LoginDataValidation -->
</testsuite> <!-- Test -->
