<?xml version="1.0" encoding="UTF-8"?>
<!-- Generated by org.testng.reporters.JUnitXMLReporter -->
<testsuite hostname="LAPTOP-I5HJHNVQ" ignored="0" name="Test" tests="3" failures="0" timestamp="2021-12-13T18:17:51 IST" time="17.634" errors="0">
  <testcase name="testLogin" time="1.244" classname="com.intbanking.testcase.LoginTest"/>
  <testcase name="LoginDataValidation" time="3.196" classname="com.intbanking.testcase.Tc_02_LogInValidation"/>
  <testcase name="LoginDataValidation" time="1.612" classname="com.intbanking.testcase.Tc_02_LogInValidation"/>
</testsuite> <!-- Test -->
