<?xml version="1.0" encoding="UTF-8"?>
<testsuite name="TestSuite" time="10.874" tests="2" errors="0" skipped="0" failures="1">
  <properties>
[...]
</properties>
  <testcase name="testLogin" classname="com.intbanking.testcase.LoginTest" time="1.867"/>
  <testcase name="LoginDataValidation" classname="com.intbanking.testcase.Tc_02_LogInValidation" time="9.007">
    <failure message="&#10;[public void com.intbanking.testcase.Tc_02_LogInValidation.LoginDataValidation(java.lang.String,java.lang.String,java.lang.String) throws java.io.IOException] has no parameters defined but was found to be using a data provider (either explicitly specified or inherited from class level annotation).&#10;Data provider mismatch&#10;Method: LoginDataValidation([Parameter{index=0, type=java.lang.String, declaredAnnotations=[]}, Parameter{index=1, type=java.lang.String, declaredAnnotations=[]}, Parameter{index=2, type=java.lang.String, declaredAnnotations=[]}])&#10;Arguments: [(java.lang.String) mngr372288,(java.lang.String) YbanUjy,(java.lang.String) Valid,(java.lang.String) Pass]" type="org.testng.internal.reflect.MethodMatcherException">org.testng.internal.reflect.MethodMatcherException: 
[public void com.intbanking.testcase.Tc_02_LogInValidation.LoginDataValidation(java.lang.String,java.lang.String,java.lang.String) throws java.io.IOException] has no parameters defined but was found to be using a data provider (either explicitly specified or inherited from class level annotation).
Data provider mismatch
Method: LoginDataValidation([Parameter{index=0, type=java.lang.String, declaredAnnotations=[]}, Parameter{index=1, type=java.lang.String, declaredAnnotations=[]}, Parameter{index=2, type=java.lang.String, declaredAnnotations=[]}])
Arguments: [(java.lang.String) mngr372288,(java.lang.String) YbanUjy,(java.lang.String) Valid,(java.lang.String) Pass]
	at org.testng.internal.reflect.DataProviderMethodMatcher.getConformingArguments(DataProviderMethodMatcher.java:43)
	at org.testng.internal.Parameters.injectParameters(Parameters.java:914)
	at org.testng.internal.MethodRunner.runInSequence(MethodRunner.java:34)
	at org.testng.internal.TestInvoker$MethodInvocationAgent.invoke(TestInvoker.java:824)
	at org.testng.internal.TestInvoker.invokeTestMethods(TestInvoker.java:146)
	at org.testng.internal.TestMethodWorker.invokeTestMethods(TestMethodWorker.java:146)
	at org.testng.internal.TestMethodWorker.run(TestMethodWorker.java:128)
	at java.util.ArrayList.forEach(ArrayList.java:1259)
	at org.testng.TestRunner.privateRun(TestRunner.java:794)
	at org.testng.TestRunner.run(TestRunner.java:596)
	at org.testng.SuiteRunner.runTest(SuiteRunner.java:377)
	at org.testng.SuiteRunner.runSequentially(SuiteRunner.java:371)
	at org.testng.SuiteRunner.privateRun(SuiteRunner.java:332)
	at org.testng.SuiteRunner.run(SuiteRunner.java:276)
	at org.testng.SuiteRunnerWorker.runSuite(SuiteRunnerWorker.java:53)
	at org.testng.SuiteRunnerWorker.run(SuiteRunnerWorker.java:96)
	at org.testng.TestNG.runSuitesSequentially(TestNG.java:1212)
	at org.testng.TestNG.runSuitesLocally(TestNG.java:1134)
	at org.testng.TestNG.runSuites(TestNG.java:1063)
	at org.testng.TestNG.run(TestNG.java:1031)
	at org.apache.maven.surefire.testng.TestNGExecutor.run(TestNGExecutor.java:295)
	at org.apache.maven.surefire.testng.TestNGXmlTestSuite.execute(TestNGXmlTestSuite.java:84)
	at org.apache.maven.surefire.testng.TestNGProvider.invoke(TestNGProvider.java:90)
	at org.apache.maven.surefire.booter.ForkedBooter.invokeProviderInSameClassLoader(ForkedBooter.java:203)
	at org.apache.maven.surefire.booter.ForkedBooter.runSuitesInProcess(ForkedBooter.java:155)
	at org.apache.maven.surefire.booter.ForkedBooter.main(ForkedBooter.java:103)
</failure>
    <system-out><![CDATA[ INFO [main] (BaseClass.java:59)- Browser Closed
 INFO [main] (BaseClass.java:42)- Chrome Browser Launched
 INFO [main] (BaseClass.java:51)- Base URL Enterned
]]></system-out>
    <system-err><![CDATA[Starting ChromeDriver 96.0.4664.45 (76e4c1bb2ab4671b8beba3444e61c0f17584b2fc-refs/branch-heads/4664@{#947}) on port 63767
Only local connections are allowed.
Please see https://chromedriver.chromium.org/security-considerations for suggestions on keeping ChromeDriver safe.
ChromeDriver was started successfully.
Dec 16, 2021 4:21:54 PM org.openqa.selenium.remote.ProtocolHandshake createSession
INFO: Detected dialect: W3C
Dec 16, 2021 4:21:54 PM org.openqa.selenium.devtools.CdpVersionFinder findNearestMatch
WARNING: Unable to find an exact match for CDP version 96, so returning the closest version found: 95
Dec 16, 2021 4:21:54 PM org.openqa.selenium.devtools.CdpVersionFinder findNearestMatch
INFO: Found CDP implementation for version 96 of 95
]]></system-err>
  </testcase>
</testsuite>