<?xml version="1.0" encoding="UTF-8"?>
<testng-results skipped="0" failed="1" ignored="0" total="2" passed="1">
  <reporter-output>
  </reporter-output>
  <suite name="Banking" duration-ms="20791" started-at="2021-12-16T16:21:38 IST" finished-at="2021-12-16T16:21:59 IST">
    <groups>
    </groups>
    <test name="Test" duration-ms="20791" started-at="2021-12-16T16:21:38 IST" finished-at="2021-12-16T16:21:59 IST">
      <class name="com.intbanking.testcase.Tc_02_LogInValidation">
        <test-method status="PASS" signature="setup(java.lang.String)[pri:0, instance:com.intbanking.testcase.Tc_02_LogInValidation@4bbfb90a]" name="setup" is-config="true" duration-ms="5061" started-at="2021-12-16T16:21:52 IST" finished-at="2021-12-16T16:21:57 IST">
          <params>
            <param index="0">
              <value>
                <![CDATA[Chrome]]>
              </value>
            </param>
          </params>
          <reporter-output>
          </reporter-output>
        </test-method> <!-- setup -->
        <test-method status="FAIL" signature="LoginDataValidation(java.lang.String,java.lang.String,java.lang.String)[pri:0, instance:com.intbanking.testcase.Tc_02_LogInValidation@4bbfb90a]" name="LoginDataValidation" duration-ms="1267" started-at="2021-12-16T16:21:57 IST" data-provider="LoginTest" finished-at="2021-12-16T16:21:58 IST">
          <exception class="org.testng.internal.reflect.MethodMatcherException">
            <message>
              <![CDATA[
[public void com.intbanking.testcase.Tc_02_LogInValidation.LoginDataValidation(java.lang.String,java.lang.String,java.lang.String) throws java.io.IOException] has no parameters defined but was found to be using a data provider (either explicitly specified or inherited from class level annotation).
Data provider mismatch
Method: LoginDataValidation([Parameter{index=0, type=java.lang.String, declaredAnnotations=[]}, Parameter{index=1, type=java.lang.String, declaredAnnotations=[]}, Parameter{index=2, type=java.lang.String, declaredAnnotations=[]}])
Arguments: [(java.lang.String) mngr372288,(java.lang.String) YbanUjy,(java.lang.String) Valid,(java.lang.String) Pass]]]>
            </message>
            <full-stacktrace>
              <![CDATA[org.testng.internal.reflect.MethodMatcherException: 
[public void com.intbanking.testcase.Tc_02_LogInValidation.LoginDataValidation(java.lang.String,java.lang.String,java.lang.String) throws java.io.IOException] has no parameters defined but was found to be using a data provider (either explicitly specified or inherited from class level annotation).
Data provider mismatch
Method: LoginDataValidation([Parameter{index=0, type=java.lang.String, declaredAnnotations=[]}, Parameter{index=1, type=java.lang.String, declaredAnnotations=[]}, Parameter{index=2, type=java.lang.String, declaredAnnotations=[]}])
Arguments: [(java.lang.String) mngr372288,(java.lang.String) YbanUjy,(java.lang.String) Valid,(java.lang.String) Pass]
at org.testng.internal.reflect.DataProviderMethodMatcher.getConformingArguments(DataProviderMethodMatcher.java:43)
at org.testng.internal.Parameters.injectParameters(Parameters.java:914)
at org.testng.internal.MethodRunner.runInSequence(MethodRunner.java:34)
at org.testng.internal.TestInvoker$MethodInvocationAgent.invoke(TestInvoker.java:824)
at org.testng.internal.TestInvoker.invokeTestMethods(TestInvoker.java:146)
at org.testng.internal.TestMethodWorker.invokeTestMethods(TestMethodWorker.java:146)
at org.testng.internal.TestMethodWorker.run(TestMethodWorker.java:128)
at java.util.ArrayList.forEach(ArrayList.java:1259)
at org.testng.TestRunner.privateRun(TestRunner.java:794)
at org.testng.TestRunner.run(TestRunner.java:596)
at org.testng.SuiteRunner.runTest(SuiteRunner.java:377)
at org.testng.SuiteRunner.runSequentially(SuiteRunner.java:371)
at org.testng.SuiteRunner.privateRun(SuiteRunner.java:332)
at org.testng.SuiteRunner.run(SuiteRunner.java:276)
at org.testng.SuiteRunnerWorker.runSuite(SuiteRunnerWorker.java:53)
at org.testng.SuiteRunnerWorker.run(SuiteRunnerWorker.java:96)
at org.testng.TestNG.runSuitesSequentially(TestNG.java:1212)
at org.testng.TestNG.runSuitesLocally(TestNG.java:1134)
at org.testng.TestNG.runSuites(TestNG.java:1063)
at org.testng.TestNG.run(TestNG.java:1031)
at org.apache.maven.surefire.testng.TestNGExecutor.run(TestNGExecutor.java:295)
at org.apache.maven.surefire.testng.TestNGXmlTestSuite.execute(TestNGXmlTestSuite.java:84)
at org.apache.maven.surefire.testng.TestNGProvider.invoke(TestNGProvider.java:90)
at org.apache.maven.surefire.booter.ForkedBooter.invokeProviderInSameClassLoader(ForkedBooter.java:203)
at org.apache.maven.surefire.booter.ForkedBooter.runSuitesInProcess(ForkedBooter.java:155)
at org.apache.maven.surefire.booter.ForkedBooter.main(ForkedBooter.java:103)
]]>
            </full-stacktrace>
          </exception> <!-- org.testng.internal.reflect.MethodMatcherException -->
          <reporter-output>
          </reporter-output>
        </test-method> <!-- LoginDataValidation -->
        <test-method status="PASS" signature="tearDown()[pri:0, instance:com.intbanking.testcase.Tc_02_LogInValidation@4bbfb90a]" name="tearDown" is-config="true" duration-ms="764" started-at="2021-12-16T16:21:58 IST" finished-at="2021-12-16T16:21:59 IST">
          <reporter-output>
          </reporter-output>
        </test-method> <!-- tearDown -->
      </class> <!-- com.intbanking.testcase.Tc_02_LogInValidation -->
      <class name="com.intbanking.testcase.LoginTest">
        <test-method status="PASS" signature="setup(java.lang.String)[pri:0, instance:com.intbanking.testcase.LoginTest@1efed156]" name="setup" is-config="true" duration-ms="10974" started-at="2021-12-16T16:21:38 IST" finished-at="2021-12-16T16:21:49 IST">
          <params>
            <param index="0">
              <value>
                <![CDATA[Chrome]]>
              </value>
            </param>
          </params>
          <reporter-output>
          </reporter-output>
        </test-method> <!-- setup -->
        <test-method status="PASS" signature="testLogin()[pri:0, instance:com.intbanking.testcase.LoginTest@1efed156]" name="testLogin" duration-ms="1871" started-at="2021-12-16T16:21:49 IST" finished-at="2021-12-16T16:21:51 IST">
          <reporter-output>
          </reporter-output>
        </test-method> <!-- testLogin -->
        <test-method status="PASS" signature="tearDown()[pri:0, instance:com.intbanking.testcase.LoginTest@1efed156]" name="tearDown" is-config="true" duration-ms="796" started-at="2021-12-16T16:21:51 IST" finished-at="2021-12-16T16:21:52 IST">
          <reporter-output>
          </reporter-output>
        </test-method> <!-- tearDown -->
      </class> <!-- com.intbanking.testcase.LoginTest -->
    </test> <!-- Test -->
  </suite> <!-- Banking -->
</testng-results>
