<?xml version="1.0" encoding="UTF-8"?>
<testng-results skipped="0" failed="0" ignored="0" total="1" passed="1">
  <reporter-output>
  </reporter-output>
  <suite name="Banking" duration-ms="23172" started-at="2021-12-18T11:18:04 IST" finished-at="2021-12-18T11:18:28 IST">
    <groups>
    </groups>
    <test name="Test" duration-ms="23172" started-at="2021-12-18T11:18:04 IST" finished-at="2021-12-18T11:18:28 IST">
      <class name="com.intbanking.testcase.LoginTest">
        <test-method status="PASS" signature="setup(java.lang.String)[pri:0, instance:com.intbanking.testcase.LoginTest@6321e813]" name="setup" is-config="true" duration-ms="20014" started-at="2021-12-18T11:18:05 IST" finished-at="2021-12-18T11:18:25 IST">
          <params>
            <param index="0">
              <value>
                <![CDATA[Chrome]]>
              </value>
            </param>
          </params>
          <reporter-output>
          </reporter-output>
        </test-method> <!-- setup -->
        <test-method status="PASS" signature="testLogin()[pri:0, instance:com.intbanking.testcase.LoginTest@6321e813]" name="testLogin" duration-ms="2180" started-at="2021-12-18T11:18:25 IST" finished-at="2021-12-18T11:18:27 IST">
          <reporter-output>
          </reporter-output>
        </test-method> <!-- testLogin -->
        <test-method status="PASS" signature="tearDown()[pri:0, instance:com.intbanking.testcase.LoginTest@6321e813]" name="tearDown" is-config="true" duration-ms="897" started-at="2021-12-18T11:18:27 IST" finished-at="2021-12-18T11:18:28 IST">
          <reporter-output>
          </reporter-output>
        </test-method> <!-- tearDown -->
      </class> <!-- com.intbanking.testcase.LoginTest -->
    </test> <!-- Test -->
  </suite> <!-- Banking -->
</testng-results>
