<?xml version="1.0" encoding="UTF-8"?>
<testng-results skipped="0" failed="0" ignored="0" total="1" passed="1">
  <reporter-output>
  </reporter-output>
  <suite name="Banking" duration-ms="18936" started-at="2021-12-18T12:33:08 IST" finished-at="2021-12-18T12:33:27 IST">
    <groups>
    </groups>
    <test name="Test" duration-ms="18936" started-at="2021-12-18T12:33:08 IST" finished-at="2021-12-18T12:33:27 IST">
      <class name="com.intbanking.testcase.CreateUserValidation">
        <test-method status="PASS" signature="setup(java.lang.String)[pri:0, instance:com.intbanking.testcase.CreateUserValidation@710726a3]" name="setup" is-config="true" duration-ms="8637" started-at="2021-12-18T12:33:08 IST" finished-at="2021-12-18T12:33:17 IST">
          <params>
            <param index="0">
              <value>
                <![CDATA[Chrome]]>
              </value>
            </param>
          </params>
          <reporter-output>
          </reporter-output>
        </test-method> <!-- setup -->
        <test-method status="PASS" signature="CustomerPageValidation()[pri:0, instance:com.intbanking.testcase.CreateUserValidation@710726a3]" name="CustomerPageValidation" duration-ms="9345" started-at="2021-12-18T12:33:17 IST" finished-at="2021-12-18T12:33:26 IST">
          <reporter-output>
          </reporter-output>
        </test-method> <!-- CustomerPageValidation -->
        <test-method status="PASS" signature="tearDown()[pri:0, instance:com.intbanking.testcase.CreateUserValidation@710726a3]" name="tearDown" is-config="true" duration-ms="894" started-at="2021-12-18T12:33:26 IST" finished-at="2021-12-18T12:33:27 IST">
          <reporter-output>
          </reporter-output>
        </test-method> <!-- tearDown -->
      </class> <!-- com.intbanking.testcase.CreateUserValidation -->
    </test> <!-- Test -->
  </suite> <!-- Banking -->
</testng-results>
