<?xml version="1.0" encoding="UTF-8"?>
<testng-results skipped="0" failed="0" ignored="0" total="3" passed="3">
  <reporter-output>
  </reporter-output>
  <suite name="Banking" duration-ms="17634" started-at="2021-12-13T18:17:34 IST" finished-at="2021-12-13T18:17:51 IST">
    <groups>
    </groups>
    <test name="Test" duration-ms="17634" started-at="2021-12-13T18:17:34 IST" finished-at="2021-12-13T18:17:51 IST">
      <class name="com.intbanking.testcase.Tc_02_LogInValidation">
        <test-method status="PASS" signature="setup(java.lang.String)[pri:0, instance:com.intbanking.testcase.Tc_02_LogInValidation@24a35978]" name="setup" is-config="true" duration-ms="3619" started-at="2021-12-13T18:17:41 IST" finished-at="2021-12-13T18:17:45 IST">
          <params>
            <param index="0">
              <value>
                <![CDATA[Chrome]]>
              </value>
            </param>
          </params>
          <reporter-output>
          </reporter-output>
        </test-method> <!-- setup -->
        <test-method status="PASS" signature="LoginDataValidation(java.lang.String,java.lang.String,java.lang.String)[pri:0, instance:com.intbanking.testcase.Tc_02_LogInValidation@24a35978]" name="LoginDataValidation" duration-ms="3196" started-at="2021-12-13T18:17:46 IST" data-provider="LoginTest" finished-at="2021-12-13T18:17:49 IST">
          <params>
            <param index="0">
              <value>
                <![CDATA[mngr372288]]>
              </value>
            </param>
            <param index="1">
              <value>
                <![CDATA[YbanUjy]]>
              </value>
            </param>
            <param index="2">
              <value>
                <![CDATA[Valid]]>
              </value>
            </param>
          </params>
          <reporter-output>
          </reporter-output>
        </test-method> <!-- LoginDataValidation -->
        <test-method status="PASS" signature="LoginDataValidation(java.lang.String,java.lang.String,java.lang.String)[pri:0, instance:com.intbanking.testcase.Tc_02_LogInValidation@24a35978]" name="LoginDataValidation" duration-ms="1612" started-at="2021-12-13T18:17:49 IST" data-provider="LoginTest" finished-at="2021-12-13T18:17:50 IST">
          <params>
            <param index="0">
              <value>
                <![CDATA[mngr372288]]>
              </value>
            </param>
            <param index="1">
              <value>
                <![CDATA[YbanUjy23]]>
              </value>
            </param>
            <param index="2">
              <value>
                <![CDATA[InValid]]>
              </value>
            </param>
          </params>
          <reporter-output>
          </reporter-output>
        </test-method> <!-- LoginDataValidation -->
        <test-method status="PASS" signature="tearDown()[pri:0, instance:com.intbanking.testcase.Tc_02_LogInValidation@24a35978]" name="tearDown" is-config="true" duration-ms="715" started-at="2021-12-13T18:17:50 IST" finished-at="2021-12-13T18:17:51 IST">
          <reporter-output>
          </reporter-output>
        </test-method> <!-- tearDown -->
      </class> <!-- com.intbanking.testcase.Tc_02_LogInValidation -->
      <class name="com.intbanking.testcase.LoginTest">
        <test-method status="PASS" signature="setup(java.lang.String)[pri:0, instance:com.intbanking.testcase.LoginTest@77846d2c]" name="setup" is-config="true" duration-ms="5574" started-at="2021-12-13T18:17:34 IST" finished-at="2021-12-13T18:17:39 IST">
          <params>
            <param index="0">
              <value>
                <![CDATA[Chrome]]>
              </value>
            </param>
          </params>
          <reporter-output>
          </reporter-output>
        </test-method> <!-- setup -->
        <test-method status="PASS" signature="testLogin()[pri:0, instance:com.intbanking.testcase.LoginTest@77846d2c]" name="testLogin" duration-ms="1244" started-at="2021-12-13T18:17:39 IST" finished-at="2021-12-13T18:17:40 IST">
          <reporter-output>
          </reporter-output>
        </test-method> <!-- testLogin -->
        <test-method status="PASS" signature="tearDown()[pri:0, instance:com.intbanking.testcase.LoginTest@77846d2c]" name="tearDown" is-config="true" duration-ms="734" started-at="2021-12-13T18:17:40 IST" finished-at="2021-12-13T18:17:41 IST">
          <reporter-output>
          </reporter-output>
        </test-method> <!-- tearDown -->
      </class> <!-- com.intbanking.testcase.LoginTest -->
    </test> <!-- Test -->
  </suite> <!-- Banking -->
</testng-results>
